<?xml version="1.0" encoding="UTF-8"?>
<coverage generated="1604355029803" clover="3.2.0">
  <project timestamp="1604355029804" name="All files">
    <metrics statements="13" coveredstatements="13" conditionals="9" coveredconditionals="9" methods="1" coveredmethods="1" elements="23" coveredelements="23" complexity="0" loc="13" ncloc="13" packages="1" files="1" classes="1"/>
    <file name="lib.js" path="C:\Users\micha\workspace\group-array-elements\src\lib.js">
      <metrics statements="13" coveredstatements="13" conditionals="9" coveredconditionals="9" methods="1" coveredmethods="1"/>
      <line num="15" count="15" type="cond" truecount="4" falsecount="0"/>
      <line num="16" count="4" type="stmt"/>
      <line num="19" count="11" type="cond" truecount="5" falsecount="0"/>
      <line num="20" count="4" type="stmt"/>
      <line num="25" count="7" type="stmt"/>
      <line num="29" count="7" type="stmt"/>
      <line num="32" count="7" type="stmt"/>
      <line num="33" count="7" type="stmt"/>
      <line num="38" count="16" type="stmt"/>
      <line num="39" count="16" type="stmt"/>
      <line num="42" count="16" type="stmt"/>
      <line num="43" count="16" type="stmt"/>
      <line num="46" count="7" type="stmt"/>
    </file>
  </project>
</coverage>
