{"C:\\Users\\micha\\workspace\\group-array-elements\\src\\lib.js": {"path":"C:\\Users\\micha\\workspace\\group-array-elements\\src\\lib.js","statementMap":{"0":{"start":{"line":15,"column":1},"end":{"line":17,"column":2}},"1":{"start":{"line":16,"column":2},"end":{"line":16,"column":47}},"2":{"start":{"line":19,"column":1},"end":{"line":21,"column":2}},"3":{"start":{"line":20,"column":2},"end":{"line":20,"column":61}},"4":{"start":{"line":25,"column":25},"end":{"line":25,"column":58}},"5":{"start":{"line":29,"column":19},"end":{"line":29,"column":60}},"6":{"start":{"line":32,"column":16},"end":{"line":32,"column":18}},"7":{"start":{"line":33,"column":1},"end":{"line":44,"column":2}},"8":{"start":{"line":33,"column":14},"end":{"line":33,"column":15}},"9":{"start":{"line":38,"column":21},"end":{"line":38,"column":34}},"10":{"start":{"line":39,"column":19},"end":{"line":39,"column":41}},"11":{"start":{"line":42,"column":16},"end":{"line":42,"column":49}},"12":{"start":{"line":43,"column":2},"end":{"line":43,"column":21}},"13":{"start":{"line":46,"column":1},"end":{"line":46,"column":15}}},"fnMap":{"0":{"name":"groupArrayElements","decl":{"start":{"line":12,"column":9},"end":{"line":12,"column":27}},"loc":{"start":{"line":12,"column":46},"end":{"line":47,"column":1}},"line":12}},"branchMap":{"0":{"loc":{"start":{"line":15,"column":1},"end":{"line":17,"column":2}},"type":"if","locations":[{"start":{"line":15,"column":1},"end":{"line":17,"column":2}},{"start":{"line":15,"column":1},"end":{"line":17,"column":2}}],"line":15},"1":{"loc":{"start":{"line":15,"column":5},"end":{"line":15,"column":43}},"type":"binary-expr","locations":[{"start":{"line":15,"column":5},"end":{"line":15,"column":18}},{"start":{"line":15,"column":22},"end":{"line":15,"column":43}}],"line":15},"2":{"loc":{"start":{"line":19,"column":1},"end":{"line":21,"column":2}},"type":"if","locations":[{"start":{"line":19,"column":1},"end":{"line":21,"column":2}},{"start":{"line":19,"column":1},"end":{"line":21,"column":2}}],"line":19},"3":{"loc":{"start":{"line":19,"column":5},"end":{"line":19,"column":71}},"type":"binary-expr","locations":[{"start":{"line":19,"column":5},"end":{"line":19,"column":22}},{"start":{"line":19,"column":26},"end":{"line":19,"column":54}},{"start":{"line":19,"column":58},"end":{"line":19,"column":71}}],"line":19}},"s":{"0":15,"1":4,"2":11,"3":4,"4":7,"5":7,"6":7,"7":7,"8":7,"9":16,"10":16,"11":16,"12":16,"13":7},"f":{"0":15},"b":{"0":[4,11],"1":[15,13],"2":[4,7],"3":[11,9,8]},"_coverageSchema":"1a1c01bbd47fc00a2c39e90264f33305004495a9","hash":"4204ac53cc0740e0f8fc4e89686fc702f017786f"}
}
